Sun, 06 Oct 2019 08:23:56 - IN Water Temp: 25.937°C (78.69°F). OUT Water Temp: 25.562°C (78.01°F) in __main__.
Sun, 06 Oct 2019 08:23:58 - IN Water Temp: 25.937°C (78.69°F). OUT Water Temp: 25.562°C (78.01°F) in __main__.
Sun, 06 Oct 2019 08:24:01 - IN Water Temp: 25.937°C (78.69°F). OUT Water Temp: 25.562°C (78.01°F) in __main__.
Sun, 06 Oct 2019 08:24:04 - IN Water Temp: 25.937°C (78.69°F). OUT Water Temp: 25.562°C (78.01°F) in __main__.
Sun, 06 Oct 2019 08:24:06 - Cleaning up . . . 
 = = = = = = = = = = = = = = = = = = = = = = = = = = = = = = = = in __main__.
Sun, 06 Oct 2019 08:24:07 - IN Water Temp: 25.937°C (78.69°F). OUT Water Temp: 99.624°C (211.32°F) in __main__.
Sun, 06 Oct 2019 08:24:10 - IN Water Temp: 25.937°C (78.69°F). OUT Water Temp: 25.562°C (78.01°F) in __main__.
Sun, 06 Oct 2019 08:24:10 - Cleaning up . . . 
 = = = = = = = = = = = = = = = = = = = = = = = = = = = = = = = = in __main__.
Sun, 06 Oct 2019 08:24:10 - Cleaning up . . . 
 = = = = = = = = = = = = = = = = = = = = = = = = = = = = = = = = in __main__.
Sun, 06 Oct 2019 08:24:11 - Cleaning up . . . 
 = = = = = = = = = = = = = = = = = = = = = = = = = = = = = = = = in __main__.
Sun, 06 Oct 2019 08:24:11 - That's all folks.  Goodbye in __main__.
Sun, 06 Oct 2019 08:24:20 - IN Water Temp: 25.937°C (78.69°F). OUT Water Temp: 25.625°C (78.12°F) in __main__.
Sun, 06 Oct 2019 08:24:23 - IN Water Temp: 25.937°C (78.69°F). OUT Water Temp: 25.625°C (78.12°F) in __main__.
Sun, 06 Oct 2019 08:24:25 - IN Water Temp: 25.937°C (78.69°F). OUT Water Temp: 25.625°C (78.12°F) in __main__.
Sun, 06 Oct 2019 08:24:28 - IN Water Temp: 25.937°C (78.69°F). OUT Water Temp: 25.625°C (78.12°F) in __main__.
Sun, 06 Oct 2019 08:24:31 - IN Water Temp: 25.937°C (78.69°F). OUT Water Temp: 25.625°C (78.12°F) in __main__.
Sun, 06 Oct 2019 08:24:34 - IN Water Temp: 25.937°C (78.69°F). OUT Water Temp: 25.687°C (78.24°F) in __main__.
Sun, 06 Oct 2019 08:24:37 - IN Water Temp: 25.937°C (78.69°F). OUT Water Temp: 26.75°C (80.15°F) in __main__.
Sun, 06 Oct 2019 08:24:39 - IN Water Temp: 25.937°C (78.69°F). OUT Water Temp: 28.062°C (82.51°F) in __main__.
Sun, 06 Oct 2019 08:24:42 - IN Water Temp: 25.937°C (78.69°F). OUT Water Temp: 29.0°C (84.20°F) in __main__.
Sun, 06 Oct 2019 08:24:45 - IN Water Temp: 25.937°C (78.69°F). OUT Water Temp: 29.75°C (85.55°F) in __main__.
Sun, 06 Oct 2019 08:24:48 - IN Water Temp: 25.937°C (78.69°F). OUT Water Temp: 30.25°C (86.45°F) in __main__.
Sun, 06 Oct 2019 08:24:51 - IN Water Temp: 25.937°C (78.69°F). OUT Water Temp: 30.687°C (87.24°F) in __main__.
Sun, 06 Oct 2019 08:24:53 - IN Water Temp: 26.0°C (78.80°F). OUT Water Temp: 30.937°C (87.69°F) in __main__.
Sun, 06 Oct 2019 08:24:56 - IN Water Temp: 26.0°C (78.80°F). OUT Water Temp: 30.812°C (87.46°F) in __main__.
Sun, 06 Oct 2019 08:24:59 - IN Water Temp: 26.0°C (78.80°F). OUT Water Temp: 30.687°C (87.24°F) in __main__.
Sun, 06 Oct 2019 08:25:02 - IN Water Temp: 26.0°C (78.80°F). OUT Water Temp: 30.562°C (87.01°F) in __main__.
Sun, 06 Oct 2019 08:25:05 - IN Water Temp: 26.0°C (78.80°F). OUT Water Temp: 30.5°C (86.90°F) in __main__.
Sun, 06 Oct 2019 08:25:07 - IN Water Temp: 26.0°C (78.80°F). OUT Water Temp: 30.437°C (86.79°F) in __main__.
Sun, 06 Oct 2019 08:25:10 - IN Water Temp: 26.0°C (78.80°F). OUT Water Temp: 30.312°C (86.56°F) in __main__.
Sun, 06 Oct 2019 08:25:13 - IN Water Temp: 26.0°C (78.80°F). OUT Water Temp: 30.25°C (86.45°F) in __main__.
Sun, 06 Oct 2019 08:25:16 - IN Water Temp: 26.0°C (78.80°F). OUT Water Temp: 30.187°C (86.34°F) in __main__.
Sun, 06 Oct 2019 08:25:19 - IN Water Temp: 26.0°C (78.80°F). OUT Water Temp: 30.125°C (86.22°F) in __main__.
Sun, 06 Oct 2019 08:25:22 - IN Water Temp: 26.0°C (78.80°F). OUT Water Temp: 30.062°C (86.11°F) in __main__.
Sun, 06 Oct 2019 08:25:24 - IN Water Temp: 26.0°C (78.80°F). OUT Water Temp: 30.0°C (86.00°F) in __main__.
Sun, 06 Oct 2019 08:25:27 - IN Water Temp: 26.0°C (78.80°F). OUT Water Temp: 29.937°C (85.89°F) in __main__.
Sun, 06 Oct 2019 08:25:30 - IN Water Temp: 26.0°C (78.80°F). OUT Water Temp: 29.875°C (85.78°F) in __main__.
Sun, 06 Oct 2019 08:25:32 - Cleaning up . . . 
 = = = = = = = = = = = = = = = = = = = = = = = = = = = = = = = = in __main__.
Sun, 06 Oct 2019 08:25:32 - That's all folks.  Goodbye in __main__.
Sun, 06 Oct 2019 08:30:04 - Started the main function in __main__.
Sun, 06 Oct 2019 08:30:07 - Finished the main function in __main__.
Sun, 06 Oct 2019 08:30:07 - Started the main function in __main__.
Sun, 06 Oct 2019 08:30:10 - Finished the main function in __main__.
Sun, 06 Oct 2019 08:30:10 - Started the main function in __main__.
Sun, 06 Oct 2019 08:30:13 - Finished the main function in __main__.
Sun, 06 Oct 2019 08:30:13 - Started the main function in __main__.
Sun, 06 Oct 2019 08:30:15 - Finished the main function in __main__.
Sun, 06 Oct 2019 08:30:15 - Started the main function in __main__.
Sun, 06 Oct 2019 08:30:18 - Finished the main function in __main__.
Sun, 06 Oct 2019 08:30:18 - Started the main function in __main__.
Sun, 06 Oct 2019 08:30:21 - Finished the main function in __main__.
Sun, 06 Oct 2019 08:30:21 - Started the main function in __main__.
Sun, 06 Oct 2019 08:30:23 - Cleaning up . . . 
 = = = = = = = = = = = = = = = = = = = = = = = = = = = = = = = = in __main__.
Sun, 06 Oct 2019 08:30:23 - That's all folks.  Goodbye in __main__.
Sun, 06 Oct 2019 08:32:05 - 
Starting up . . . 
 = = = = = = = = = = = = = = = = = = = = = = = = = = = = = = = = in __main__.
Sun, 06 Oct 2019 08:32:08 - 
Starting up . . . 
 = = = = = = = = = = = = = = = = = = = = = = = = = = = = = = = = in __main__.
Sun, 06 Oct 2019 08:32:11 - 
Starting up . . . 
 = = = = = = = = = = = = = = = = = = = = = = = = = = = = = = = = in __main__.
Sun, 06 Oct 2019 08:32:14 - 
Starting up . . . 
 = = = = = = = = = = = = = = = = = = = = = = = = = = = = = = = = in __main__.
Sun, 06 Oct 2019 08:32:17 - 
Starting up . . . 
 = = = = = = = = = = = = = = = = = = = = = = = = = = = = = = = = in __main__.
Sun, 06 Oct 2019 08:32:19 - 
Starting up . . . 
 = = = = = = = = = = = = = = = = = = = = = = = = = = = = = = = = in __main__.
Sun, 06 Oct 2019 08:32:21 - Cleaning up . . . 
 = = = = = = = = = = = = = = = = = = = = = = = = = = = = = = = = in __main__.
Sun, 06 Oct 2019 08:32:21 - That's all folks.  Goodbye in __main__.
Sun, 06 Oct 2019 08:33:45 - 
 = = = = = = = = = = = = = = = = = = = = = = = = = = = = = = = =
Starting up . . .  in __main__.
Sun, 06 Oct 2019 08:33:59 - Cleaning up . . . 
 = = = = = = = = = = = = = = = = = = = = = = = = = = = = = = = = in __main__.
Sun, 06 Oct 2019 08:33:59 - That's all folks.  Goodbye in __main__.
[root]:INFO: Debugging output enabled. - 10/06/19 08:34:13
[__main__]:DEBUG: Top of try. - 10/06/19 08:34:13
[__main__]:INFO: 
 = = = = = = = = = = = = = = = = = = = = = = = = = = = = = = = =
Starting up . . . . - 10/06/19 08:34:13
[__main__]:DEBUG: Started the main function. - 10/06/19 08:34:13
[__main__]:DEBUG: IN Water Temp: 26.375°C (79.47°F). OUT Water Temp: 26.687°C (80.04°F). - 10/06/19 08:34:16
[__main__]:DEBUG: Finished the main function. - 10/06/19 08:34:16
[__main__]:DEBUG: Started the main function. - 10/06/19 08:34:16
[__main__]:DEBUG: IN Water Temp: 26.312°C (79.36°F). OUT Water Temp: 26.625°C (79.93°F). - 10/06/19 08:34:19
[__main__]:DEBUG: Finished the main function. - 10/06/19 08:34:19
[__main__]:DEBUG: Started the main function. - 10/06/19 08:34:19
[__main__]:DEBUG: IN Water Temp: 26.375°C (79.47°F). OUT Water Temp: 26.625°C (79.93°F). - 10/06/19 08:34:21
[__main__]:DEBUG: Finished the main function. - 10/06/19 08:34:21
[__main__]:DEBUG: Started the main function. - 10/06/19 08:34:21
[__main__]:DEBUG: IN Water Temp: 26.375°C (79.47°F). OUT Water Temp: 26.625°C (79.93°F). - 10/06/19 08:34:24
[__main__]:DEBUG: Finished the main function. - 10/06/19 08:34:24
[__main__]:DEBUG: Started the main function. - 10/06/19 08:34:24
[__main__]:DEBUG: IN Water Temp: 26.375°C (79.47°F). OUT Water Temp: 26.625°C (79.93°F). - 10/06/19 08:34:27
[__main__]:DEBUG: Finished the main function. - 10/06/19 08:34:27
[__main__]:DEBUG: Started the main function. - 10/06/19 08:34:27
[__main__]:DEBUG: IN Water Temp: 26.375°C (79.47°F). OUT Water Temp: 26.625°C (79.93°F). - 10/06/19 08:34:30
[__main__]:DEBUG: Finished the main function. - 10/06/19 08:34:30
[__main__]:DEBUG: Started the main function. - 10/06/19 08:34:30
[__main__]:DEBUG: IN Water Temp: 26.375°C (79.47°F). OUT Water Temp: 26.625°C (79.93°F). - 10/06/19 08:34:33
[__main__]:DEBUG: Finished the main function. - 10/06/19 08:34:33
[__main__]:DEBUG: Started the main function. - 10/06/19 08:34:33
[__main__]:DEBUG: IN Water Temp: 26.375°C (79.47°F). OUT Water Temp: 26.625°C (79.93°F). - 10/06/19 08:34:35
[__main__]:DEBUG: Finished the main function. - 10/06/19 08:34:35
[__main__]:DEBUG: Started the main function. - 10/06/19 08:34:35
[__main__]:INFO: Cleaning up . . . 
 = = = = = = = = = = = = = = = = = = = = = = = = = = = = = = = =. - 10/06/19 08:34:38
[__main__]:INFO: That's all folks.  Goodbye. - 10/06/19 08:34:38
[root]:INFO: Debugging output enabled. - 10/06/19 08:35:50
[__main__]:DEBUG: Top of try. - 10/06/19 08:35:50
[__main__]:INFO: 
 = = = = = = = = = = = = = = = = = = = = = = = = = = = = = = = =
Starting up . . . . - 10/06/19 08:35:50
[__main__]:DEBUG: IN Water Temp: 26.375°C (79.47°F).
OUT Water Temp: 26.437°C (79.59°F).
CPU: 50.5°C (122.90°F)
. - 10/06/19 08:35:53
[__main__]:DEBUG: IN Water Temp: 26.375°C (79.47°F).
OUT Water Temp: 26.437°C (79.59°F).
CPU: 51.5°C (124.70°F)
. - 10/06/19 08:35:56
[__main__]:DEBUG: IN Water Temp: 26.375°C (79.47°F).
OUT Water Temp: 26.437°C (79.59°F).
CPU: 51.5°C (124.70°F)
. - 10/06/19 08:35:59
[__main__]:DEBUG: IN Water Temp: 26.375°C (79.47°F).
OUT Water Temp: 26.437°C (79.59°F).
CPU: 49.4°C (120.92°F)
. - 10/06/19 08:36:01
[__main__]:DEBUG: IN Water Temp: 26.375°C (79.47°F).
OUT Water Temp: 26.437°C (79.59°F).
CPU: 49.4°C (120.92°F)
. - 10/06/19 08:36:04
[__main__]:DEBUG: IN Water Temp: 26.375°C (79.47°F).
OUT Water Temp: 26.437°C (79.59°F).
CPU: 48.3°C (118.94°F)
. - 10/06/19 08:36:07
[__main__]:DEBUG: IN Water Temp: 26.375°C (79.47°F).
OUT Water Temp: 26.437°C (79.59°F).
CPU: 47.8°C (118.04°F)
. - 10/06/19 08:36:10
[__main__]:DEBUG: IN Water Temp: 26.375°C (79.47°F).
OUT Water Temp: 26.437°C (79.59°F).
CPU: 47.8°C (118.04°F)
. - 10/06/19 08:36:13
[__main__]:DEBUG: IN Water Temp: 26.375°C (79.47°F).
OUT Water Temp: 26.437°C (79.59°F).
CPU: 48.3°C (118.94°F)
. - 10/06/19 08:36:15
[__main__]:DEBUG: IN Water Temp: 26.375°C (79.47°F).
OUT Water Temp: 26.437°C (79.59°F).
CPU: 47.2°C (116.96°F)
. - 10/06/19 08:36:18
[__main__]:DEBUG: IN Water Temp: 26.375°C (79.47°F).
OUT Water Temp: 26.437°C (79.59°F).
CPU: 47.2°C (116.96°F)
. - 10/06/19 08:36:21
[__main__]:DEBUG: IN Water Temp: 26.375°C (79.47°F).
OUT Water Temp: 26.437°C (79.59°F).
CPU: 47.2°C (116.96°F)
. - 10/06/19 08:36:24
[__main__]:INFO: Cleaning up . . . 
 = = = = = = = = = = = = = = = = = = = = = = = = = = = = = = = =. - 10/06/19 08:36:27
[__main__]:INFO: That's all folks.  Goodbye. - 10/06/19 08:36:27
[root]:INFO: Debugging output enabled. - 10/06/19 08:36:42
[__main__]:DEBUG: Top of try. - 10/06/19 08:36:42
[__main__]:INFO: 
 = = = = = = = = = = = = = = = = = = = = = = = = = = = = = = = =
Starting up . . . . - 10/06/19 08:36:42
[__main__]:DEBUG: IN Water Temp: 26.375°C (79.47°F).
OUT Water Temp: 26.375°C (79.47°F).
CPU: 50.5°C (122.90°F)
. - 10/06/19 08:36:44
[__main__]:DEBUG: IN Water Temp: 26.375°C (79.47°F).
OUT Water Temp: 26.375°C (79.47°F).
CPU: 51.5°C (124.70°F)
. - 10/06/19 08:36:46
[__main__]:DEBUG: IN Water Temp: 26.375°C (79.47°F).
OUT Water Temp: 26.375°C (79.47°F).
CPU: 51.5°C (124.70°F)
. - 10/06/19 08:36:48
[__main__]:DEBUG: IN Water Temp: 26.375°C (79.47°F).
OUT Water Temp: 26.375°C (79.47°F).
CPU: 51.5°C (124.70°F)
. - 10/06/19 08:36:49
[__main__]:DEBUG: IN Water Temp: 26.375°C (79.47°F).
OUT Water Temp: 26.375°C (79.47°F).
CPU: 51.5°C (124.70°F)
. - 10/06/19 08:36:51
[__main__]:DEBUG: IN Water Temp: 26.375°C (79.47°F).
OUT Water Temp: 26.375°C (79.47°F).
CPU: 49.9°C (121.82°F)
. - 10/06/19 08:36:53
[__main__]:DEBUG: IN Water Temp: 26.375°C (79.47°F).
OUT Water Temp: 26.375°C (79.47°F).
CPU: 49.4°C (120.92°F)
. - 10/06/19 08:36:55
[__main__]:DEBUG: IN Water Temp: 26.375°C (79.47°F).
OUT Water Temp: 26.375°C (79.47°F).
CPU: 49.4°C (120.92°F)
. - 10/06/19 08:36:57
[__main__]:DEBUG: IN Water Temp: 26.375°C (79.47°F).
OUT Water Temp: 26.375°C (79.47°F).
CPU: 48.3°C (118.94°F)
. - 10/06/19 08:36:59
[__main__]:DEBUG: IN Water Temp: 26.375°C (79.47°F).
OUT Water Temp: 26.375°C (79.47°F).
CPU: 48.9°C (120.02°F)
. - 10/06/19 08:37:00
[__main__]:DEBUG: IN Water Temp: 26.375°C (79.47°F).
OUT Water Temp: 26.375°C (79.47°F).
CPU: 48.3°C (118.94°F)
. - 10/06/19 08:37:02
[__main__]:DEBUG: IN Water Temp: 26.437°C (79.59°F).
OUT Water Temp: 26.375°C (79.47°F).
CPU: 48.3°C (118.94°F)
. - 10/06/19 08:37:04
[__main__]:DEBUG: IN Water Temp: 26.437°C (79.59°F).
OUT Water Temp: 26.375°C (79.47°F).
CPU: 47.8°C (118.04°F)
. - 10/06/19 08:37:06
[__main__]:DEBUG: IN Water Temp: 26.437°C (79.59°F).
OUT Water Temp: 26.375°C (79.47°F).
CPU: 47.8°C (118.04°F)
. - 10/06/19 08:37:08
[__main__]:DEBUG: IN Water Temp: 26.375°C (79.47°F).
OUT Water Temp: 26.375°C (79.47°F).
CPU: 47.2°C (116.96°F)
. - 10/06/19 08:37:10
[__main__]:DEBUG: IN Water Temp: 26.437°C (79.59°F).
OUT Water Temp: 26.375°C (79.47°F).
CPU: 47.2°C (116.96°F)
. - 10/06/19 08:37:12
[__main__]:DEBUG: IN Water Temp: 26.437°C (79.59°F).
OUT Water Temp: 26.375°C (79.47°F).
CPU: 47.8°C (118.04°F)
. - 10/06/19 08:37:13
[__main__]:DEBUG: IN Water Temp: 26.375°C (79.47°F).
OUT Water Temp: 26.375°C (79.47°F).
CPU: 47.2°C (116.96°F)
. - 10/06/19 08:37:15
[__main__]:DEBUG: IN Water Temp: 26.437°C (79.59°F).
OUT Water Temp: 26.375°C (79.47°F).
CPU: 47.2°C (116.96°F)
. - 10/06/19 08:37:17
[__main__]:DEBUG: IN Water Temp: 26.437°C (79.59°F).
OUT Water Temp: 26.375°C (79.47°F).
CPU: 47.2°C (116.96°F)
. - 10/06/19 08:37:19
[__main__]:DEBUG: IN Water Temp: 26.437°C (79.59°F).
OUT Water Temp: 26.312°C (79.36°F).
CPU: 47.2°C (116.96°F)
. - 10/06/19 08:37:21
[__main__]:DEBUG: IN Water Temp: 26.437°C (79.59°F).
OUT Water Temp: 26.312°C (79.36°F).
CPU: 47.2°C (116.96°F)
. - 10/06/19 08:37:23
[__main__]:DEBUG: IN Water Temp: 26.437°C (79.59°F).
OUT Water Temp: 26.312°C (79.36°F).
CPU: 47.2°C (116.96°F)
. - 10/06/19 08:37:24
[__main__]:DEBUG: IN Water Temp: 26.437°C (79.59°F).
OUT Water Temp: 26.312°C (79.36°F).
CPU: 47.2°C (116.96°F)
. - 10/06/19 08:37:26
[__main__]:DEBUG: IN Water Temp: 26.437°C (79.59°F).
OUT Water Temp: 26.312°C (79.36°F).
CPU: 47.2°C (116.96°F)
. - 10/06/19 08:37:28
[__main__]:DEBUG: IN Water Temp: 26.437°C (79.59°F).
OUT Water Temp: 26.312°C (79.36°F).
CPU: 47.2°C (116.96°F)
. - 10/06/19 08:37:30
[__main__]:DEBUG: IN Water Temp: 26.437°C (79.59°F).
OUT Water Temp: 26.312°C (79.36°F).
CPU: 47.2°C (116.96°F)
. - 10/06/19 08:37:32
[__main__]:DEBUG: IN Water Temp: 26.437°C (79.59°F).
OUT Water Temp: 26.312°C (79.36°F).
CPU: 47.2°C (116.96°F)
. - 10/06/19 08:37:34
[__main__]:DEBUG: IN Water Temp: 26.437°C (79.59°F).
OUT Water Temp: 26.312°C (79.36°F).
CPU: 47.2°C (116.96°F)
. - 10/06/19 08:37:35
[__main__]:DEBUG: IN Water Temp: 26.437°C (79.59°F).
OUT Water Temp: 26.312°C (79.36°F).
CPU: 46.7°C (116.06°F)
. - 10/06/19 08:37:37
[__main__]:DEBUG: IN Water Temp: 26.437°C (79.59°F).
OUT Water Temp: 26.312°C (79.36°F).
CPU: 47.2°C (116.96°F)
. - 10/06/19 08:37:39
[__main__]:DEBUG: IN Water Temp: 26.437°C (79.59°F).
OUT Water Temp: 26.312°C (79.36°F).
CPU: 47.2°C (116.96°F)
. - 10/06/19 08:37:41
[__main__]:DEBUG: IN Water Temp: 26.437°C (79.59°F).
OUT Water Temp: 26.312°C (79.36°F).
CPU: 47.2°C (116.96°F)
. - 10/06/19 08:37:43
[__main__]:DEBUG: IN Water Temp: 26.437°C (79.59°F).
OUT Water Temp: 26.312°C (79.36°F).
CPU: 46.2°C (115.16°F)
. - 10/06/19 08:37:45
[__main__]:DEBUG: IN Water Temp: 26.437°C (79.59°F).
OUT Water Temp: 26.312°C (79.36°F).
CPU: 47.2°C (116.96°F)
. - 10/06/19 08:37:47
[__main__]:DEBUG: IN Water Temp: 26.437°C (79.59°F).
OUT Water Temp: 26.312°C (79.36°F).
CPU: 47.2°C (116.96°F)
. - 10/06/19 08:37:48
[__main__]:DEBUG: IN Water Temp: 26.437°C (79.59°F).
OUT Water Temp: 26.312°C (79.36°F).
CPU: 46.7°C (116.06°F)
. - 10/06/19 08:37:50
[__main__]:DEBUG: IN Water Temp: 26.437°C (79.59°F).
OUT Water Temp: 26.312°C (79.36°F).
CPU: 47.2°C (116.96°F)
. - 10/06/19 08:37:52
[__main__]:DEBUG: IN Water Temp: 26.437°C (79.59°F).
OUT Water Temp: 26.312°C (79.36°F).
CPU: 47.2°C (116.96°F)
. - 10/06/19 08:37:54
[__main__]:DEBUG: IN Water Temp: 26.437°C (79.59°F).
OUT Water Temp: 26.312°C (79.36°F).
CPU: 47.2°C (116.96°F)
. - 10/06/19 08:37:56
[__main__]:DEBUG: IN Water Temp: 26.437°C (79.59°F).
OUT Water Temp: 26.312°C (79.36°F).
CPU: 46.2°C (115.16°F)
. - 10/06/19 08:37:58
[__main__]:DEBUG: IN Water Temp: 26.437°C (79.59°F).
OUT Water Temp: 26.312°C (79.36°F).
CPU: 47.2°C (116.96°F)
. - 10/06/19 08:38:00
[__main__]:DEBUG: IN Water Temp: 26.437°C (79.59°F).
OUT Water Temp: 26.312°C (79.36°F).
CPU: 47.2°C (116.96°F)
. - 10/06/19 08:38:01
[__main__]:DEBUG: IN Water Temp: 26.437°C (79.59°F).
OUT Water Temp: 26.312°C (79.36°F).
CPU: 47.2°C (116.96°F)
. - 10/06/19 08:38:03
[__main__]:DEBUG: IN Water Temp: 26.437°C (79.59°F).
OUT Water Temp: 26.312°C (79.36°F).
CPU: 47.2°C (116.96°F)
. - 10/06/19 08:38:05
[__main__]:DEBUG: IN Water Temp: 26.437°C (79.59°F).
OUT Water Temp: 26.312°C (79.36°F).
CPU: 47.2°C (116.96°F)
. - 10/06/19 08:38:07
[__main__]:DEBUG: IN Water Temp: 26.437°C (79.59°F).
OUT Water Temp: 26.312°C (79.36°F).
CPU: 47.2°C (116.96°F)
. - 10/06/19 08:38:09
[__main__]:DEBUG: IN Water Temp: 26.437°C (79.59°F).
OUT Water Temp: 26.312°C (79.36°F).
CPU: 46.2°C (115.16°F)
. - 10/06/19 08:38:11
[__main__]:DEBUG: IN Water Temp: 26.437°C (79.59°F).
OUT Water Temp: 26.312°C (79.36°F).
CPU: 46.7°C (116.06°F)
. - 10/06/19 08:38:12
[__main__]:DEBUG: IN Water Temp: 26.437°C (79.59°F).
OUT Water Temp: 26.312°C (79.36°F).
CPU: 47.2°C (116.96°F)
. - 10/06/19 08:38:14
[__main__]:DEBUG: IN Water Temp: 26.437°C (79.59°F).
OUT Water Temp: 26.312°C (79.36°F).
CPU: 46.7°C (116.06°F)
. - 10/06/19 08:38:16
[__main__]:DEBUG: IN Water Temp: 26.437°C (79.59°F).
OUT Water Temp: 26.312°C (79.36°F).
CPU: 46.7°C (116.06°F)
. - 10/06/19 08:38:18
[__main__]:DEBUG: IN Water Temp: 26.437°C (79.59°F).
OUT Water Temp: 26.312°C (79.36°F).
CPU: 47.2°C (116.96°F)
. - 10/06/19 08:38:20
[__main__]:DEBUG: IN Water Temp: 26.437°C (79.59°F).
OUT Water Temp: 26.312°C (79.36°F).
CPU: 47.2°C (116.96°F)
. - 10/06/19 08:38:22
[__main__]:DEBUG: IN Water Temp: 26.437°C (79.59°F).
OUT Water Temp: 26.312°C (79.36°F).
CPU: 47.2°C (116.96°F)
. - 10/06/19 08:38:23
[__main__]:DEBUG: IN Water Temp: 26.437°C (79.59°F).
OUT Water Temp: 26.312°C (79.36°F).
CPU: 46.7°C (116.06°F)
. - 10/06/19 08:38:25
[__main__]:DEBUG: IN Water Temp: 26.437°C (79.59°F).
OUT Water Temp: 26.312°C (79.36°F).
CPU: 46.7°C (116.06°F)
. - 10/06/19 08:38:27
[__main__]:DEBUG: IN Water Temp: 26.437°C (79.59°F).
OUT Water Temp: 26.312°C (79.36°F).
CPU: 46.7°C (116.06°F)
. - 10/06/19 08:38:29
[__main__]:DEBUG: IN Water Temp: 26.437°C (79.59°F).
OUT Water Temp: 26.312°C (79.36°F).
CPU: 47.2°C (116.96°F)
. - 10/06/19 08:38:31
[__main__]:DEBUG: IN Water Temp: 26.437°C (79.59°F).
OUT Water Temp: 26.312°C (79.36°F).
CPU: 47.2°C (116.96°F)
. - 10/06/19 08:38:33
[__main__]:DEBUG: IN Water Temp: 26.437°C (79.59°F).
OUT Water Temp: 26.312°C (79.36°F).
CPU: 47.2°C (116.96°F)
. - 10/06/19 08:38:34
[__main__]:DEBUG: IN Water Temp: 26.437°C (79.59°F).
OUT Water Temp: 26.312°C (79.36°F).
CPU: 46.7°C (116.06°F)
. - 10/06/19 08:38:36
[__main__]:DEBUG: IN Water Temp: 26.437°C (79.59°F).
OUT Water Temp: 26.25°C (79.25°F).
CPU: 46.7°C (116.06°F)
. - 10/06/19 08:38:38
[__main__]:DEBUG: IN Water Temp: 26.437°C (79.59°F).
OUT Water Temp: 26.312°C (79.36°F).
CPU: 48.3°C (118.94°F)
. - 10/06/19 08:38:40
[__main__]:DEBUG: IN Water Temp: 26.437°C (79.59°F).
OUT Water Temp: 26.312°C (79.36°F).
CPU: 48.3°C (118.94°F)
. - 10/06/19 08:38:42
[__main__]:DEBUG: IN Water Temp: 26.437°C (79.59°F).
OUT Water Temp: 26.312°C (79.36°F).
CPU: 47.2°C (116.96°F)
. - 10/06/19 08:38:44
[__main__]:DEBUG: IN Water Temp: 26.437°C (79.59°F).
OUT Water Temp: 26.312°C (79.36°F).
CPU: 47.2°C (116.96°F)
. - 10/06/19 08:38:46
[__main__]:DEBUG: IN Water Temp: 26.437°C (79.59°F).
OUT Water Temp: 26.312°C (79.36°F).
CPU: 47.2°C (116.96°F)
. - 10/06/19 08:38:48
[__main__]:DEBUG: IN Water Temp: 26.437°C (79.59°F).
OUT Water Temp: 26.312°C (79.36°F).
CPU: 47.2°C (116.96°F)
. - 10/06/19 08:38:50
[__main__]:DEBUG: IN Water Temp: 26.437°C (79.59°F).
OUT Water Temp: 26.312°C (79.36°F).
CPU: 46.7°C (116.06°F)
. - 10/06/19 08:38:52
[__main__]:DEBUG: IN Water Temp: 26.437°C (79.59°F).
OUT Water Temp: 26.312°C (79.36°F).
CPU: 47.2°C (116.96°F)
. - 10/06/19 08:38:54
[__main__]:DEBUG: IN Water Temp: 26.437°C (79.59°F).
OUT Water Temp: 26.312°C (79.36°F).
CPU: 47.2°C (116.96°F)
. - 10/06/19 08:38:56
[__main__]:DEBUG: IN Water Temp: 26.437°C (79.59°F).
OUT Water Temp: 26.312°C (79.36°F).
CPU: 47.2°C (116.96°F)
. - 10/06/19 08:38:57
[__main__]:DEBUG: IN Water Temp: 26.437°C (79.59°F).
OUT Water Temp: 26.312°C (79.36°F).
CPU: 47.2°C (116.96°F)
. - 10/06/19 08:38:59
[__main__]:DEBUG: IN Water Temp: 26.437°C (79.59°F).
OUT Water Temp: 26.312°C (79.36°F).
CPU: 47.2°C (116.96°F)
. - 10/06/19 08:39:01
[__main__]:DEBUG: IN Water Temp: 26.437°C (79.59°F).
OUT Water Temp: 26.25°C (79.25°F).
CPU: 47.2°C (116.96°F)
. - 10/06/19 08:39:03
[__main__]:DEBUG: IN Water Temp: 26.437°C (79.59°F).
OUT Water Temp: 26.25°C (79.25°F).
CPU: 46.7°C (116.06°F)
. - 10/06/19 08:39:05
[__main__]:DEBUG: IN Water Temp: 26.437°C (79.59°F).
OUT Water Temp: 26.25°C (79.25°F).
CPU: 46.2°C (115.16°F)
. - 10/06/19 08:39:07
[__main__]:DEBUG: IN Water Temp: 26.437°C (79.59°F).
OUT Water Temp: 26.25°C (79.25°F).
CPU: 47.2°C (116.96°F)
. - 10/06/19 08:39:09
[__main__]:DEBUG: IN Water Temp: 26.437°C (79.59°F).
OUT Water Temp: 26.312°C (79.36°F).
CPU: 46.7°C (116.06°F)
. - 10/06/19 08:39:10
[__main__]:DEBUG: IN Water Temp: 26.437°C (79.59°F).
OUT Water Temp: 26.312°C (79.36°F).
CPU: 46.2°C (115.16°F)
. - 10/06/19 08:39:12
[__main__]:DEBUG: IN Water Temp: 26.437°C (79.59°F).
OUT Water Temp: 26.25°C (79.25°F).
CPU: 46.2°C (115.16°F)
. - 10/06/19 08:39:14
[__main__]:DEBUG: IN Water Temp: 26.437°C (79.59°F).
OUT Water Temp: 26.25°C (79.25°F).
CPU: 46.7°C (116.06°F)
. - 10/06/19 08:39:16
[__main__]:DEBUG: IN Water Temp: 26.437°C (79.59°F).
OUT Water Temp: 26.25°C (79.25°F).
CPU: 46.2°C (115.16°F)
. - 10/06/19 08:39:18
[__main__]:DEBUG: IN Water Temp: 26.437°C (79.59°F).
OUT Water Temp: 26.312°C (79.36°F).
CPU: 47.2°C (116.96°F)
. - 10/06/19 08:39:20
[__main__]:DEBUG: IN Water Temp: 26.437°C (79.59°F).
OUT Water Temp: 26.312°C (79.36°F).
CPU: 46.2°C (115.16°F)
. - 10/06/19 08:39:21
[__main__]:DEBUG: IN Water Temp: 26.437°C (79.59°F).
OUT Water Temp: 26.25°C (79.25°F).
CPU: 46.7°C (116.06°F)
. - 10/06/19 08:39:23
[__main__]:DEBUG: IN Water Temp: 26.437°C (79.59°F).
OUT Water Temp: 26.312°C (79.36°F).
CPU: 46.2°C (115.16°F)
. - 10/06/19 08:39:25
[__main__]:DEBUG: IN Water Temp: 26.437°C (79.59°F).
OUT Water Temp: 26.25°C (79.25°F).
CPU: 47.2°C (116.96°F)
. - 10/06/19 08:39:27
[__main__]:DEBUG: IN Water Temp: 26.437°C (79.59°F).
OUT Water Temp: 26.25°C (79.25°F).
CPU: 46.7°C (116.06°F)
. - 10/06/19 08:39:29
[__main__]:DEBUG: IN Water Temp: 26.437°C (79.59°F).
OUT Water Temp: 26.25°C (79.25°F).
CPU: 47.2°C (116.96°F)
. - 10/06/19 08:39:31
[__main__]:DEBUG: IN Water Temp: 26.437°C (79.59°F).
OUT Water Temp: 26.25°C (79.25°F).
CPU: 47.2°C (116.96°F)
. - 10/06/19 08:39:32
[__main__]:DEBUG: IN Water Temp: 26.437°C (79.59°F).
OUT Water Temp: 26.312°C (79.36°F).
CPU: 47.2°C (116.96°F)
. - 10/06/19 08:39:34
[__main__]:DEBUG: IN Water Temp: 26.437°C (79.59°F).
OUT Water Temp: 26.312°C (79.36°F).
CPU: 47.8°C (118.04°F)
. - 10/06/19 08:39:36
[__main__]:DEBUG: IN Water Temp: 26.437°C (79.59°F).
OUT Water Temp: 26.312°C (79.36°F).
CPU: 47.2°C (116.96°F)
. - 10/06/19 08:39:38
[__main__]:DEBUG: IN Water Temp: 26.437°C (79.59°F).
OUT Water Temp: 26.312°C (79.36°F).
CPU: 47.2°C (116.96°F)
. - 10/06/19 08:39:40
[__main__]:DEBUG: IN Water Temp: 26.437°C (79.59°F).
OUT Water Temp: 26.25°C (79.25°F).
CPU: 47.2°C (116.96°F)
. - 10/06/19 08:39:42
[__main__]:DEBUG: IN Water Temp: 26.437°C (79.59°F).
OUT Water Temp: 26.25°C (79.25°F).
CPU: 47.2°C (116.96°F)
. - 10/06/19 08:39:44
[__main__]:DEBUG: IN Water Temp: 26.437°C (79.59°F).
OUT Water Temp: 26.25°C (79.25°F).
CPU: 47.2°C (116.96°F)
. - 10/06/19 08:39:45
[__main__]:DEBUG: IN Water Temp: 26.437°C (79.59°F).
OUT Water Temp: 26.25°C (79.25°F).
CPU: 46.7°C (116.06°F)
. - 10/06/19 08:39:47
[__main__]:DEBUG: IN Water Temp: 26.437°C (79.59°F).
OUT Water Temp: 26.25°C (79.25°F).
CPU: 46.7°C (116.06°F)
. - 10/06/19 08:39:49
[__main__]:DEBUG: IN Water Temp: 26.437°C (79.59°F).
OUT Water Temp: 26.312°C (79.36°F).
CPU: 47.2°C (116.96°F)
. - 10/06/19 08:39:51
[__main__]:DEBUG: IN Water Temp: 26.437°C (79.59°F).
OUT Water Temp: 26.25°C (79.25°F).
CPU: 47.2°C (116.96°F)
. - 10/06/19 08:39:53
[__main__]:DEBUG: IN Water Temp: 26.437°C (79.59°F).
OUT Water Temp: 26.25°C (79.25°F).
CPU: 46.2°C (115.16°F)
. - 10/06/19 08:39:55
[__main__]:DEBUG: IN Water Temp: 26.437°C (79.59°F).
OUT Water Temp: 26.312°C (79.36°F).
CPU: 46.7°C (116.06°F)
. - 10/06/19 08:39:56
[__main__]:DEBUG: IN Water Temp: 26.437°C (79.59°F).
OUT Water Temp: 26.25°C (79.25°F).
CPU: 48.3°C (118.94°F)
. - 10/06/19 08:39:58
[__main__]:DEBUG: IN Water Temp: 26.5°C (79.70°F).
OUT Water Temp: 26.312°C (79.36°F).
CPU: 47.8°C (118.04°F)
. - 10/06/19 08:40:00
[__main__]:DEBUG: IN Water Temp: 26.437°C (79.59°F).
OUT Water Temp: 26.25°C (79.25°F).
CPU: 48.3°C (118.94°F)
. - 10/06/19 08:40:02
[__main__]:DEBUG: IN Water Temp: 26.5°C (79.70°F).
OUT Water Temp: 26.312°C (79.36°F).
CPU: 47.2°C (116.96°F)
. - 10/06/19 08:40:04
[__main__]:DEBUG: IN Water Temp: 26.5°C (79.70°F).
OUT Water Temp: 26.312°C (79.36°F).
CPU: 47.8°C (118.04°F)
. - 10/06/19 08:40:06
[__main__]:DEBUG: IN Water Temp: 26.5°C (79.70°F).
OUT Water Temp: 26.312°C (79.36°F).
CPU: 47.2°C (116.96°F)
. - 10/06/19 08:40:07
[__main__]:DEBUG: IN Water Temp: 26.5°C (79.70°F).
OUT Water Temp: 26.312°C (79.36°F).
CPU: 47.2°C (116.96°F)
. - 10/06/19 08:40:09
[__main__]:DEBUG: IN Water Temp: 26.5°C (79.70°F).
OUT Water Temp: 26.25°C (79.25°F).
CPU: 47.2°C (116.96°F)
. - 10/06/19 08:40:11
[__main__]:DEBUG: IN Water Temp: 26.5°C (79.70°F).
OUT Water Temp: 26.312°C (79.36°F).
CPU: 47.2°C (116.96°F)
. - 10/06/19 08:40:13
[__main__]:DEBUG: IN Water Temp: 26.5°C (79.70°F).
OUT Water Temp: 26.312°C (79.36°F).
CPU: 47.2°C (116.96°F)
. - 10/06/19 08:40:15
[__main__]:DEBUG: IN Water Temp: 26.5°C (79.70°F).
OUT Water Temp: 26.25°C (79.25°F).
CPU: 46.2°C (115.16°F)
. - 10/06/19 08:40:17
[__main__]:DEBUG: IN Water Temp: 26.5°C (79.70°F).
OUT Water Temp: 26.312°C (79.36°F).
CPU: 46.7°C (116.06°F)
. - 10/06/19 08:40:18
[__main__]:DEBUG: IN Water Temp: 26.5°C (79.70°F).
OUT Water Temp: 26.312°C (79.36°F).
CPU: 47.2°C (116.96°F)
. - 10/06/19 08:40:20
[__main__]:DEBUG: IN Water Temp: 26.5°C (79.70°F).
OUT Water Temp: 26.312°C (79.36°F).
CPU: 47.2°C (116.96°F)
. - 10/06/19 08:40:22
[__main__]:DEBUG: IN Water Temp: 26.5°C (79.70°F).
OUT Water Temp: 26.312°C (79.36°F).
CPU: 46.7°C (116.06°F)
. - 10/06/19 08:40:24
[__main__]:DEBUG: IN Water Temp: 26.5°C (79.70°F).
OUT Water Temp: 26.312°C (79.36°F).
CPU: 46.2°C (115.16°F)
. - 10/06/19 08:40:26
[__main__]:DEBUG: IN Water Temp: 26.5°C (79.70°F).
OUT Water Temp: 26.312°C (79.36°F).
CPU: 47.2°C (116.96°F)
. - 10/06/19 08:40:28
[__main__]:DEBUG: IN Water Temp: 26.5°C (79.70°F).
OUT Water Temp: 26.312°C (79.36°F).
CPU: 49.4°C (120.92°F)
. - 10/06/19 08:40:29
[__main__]:DEBUG: IN Water Temp: 26.5°C (79.70°F).
OUT Water Temp: 26.312°C (79.36°F).
CPU: 51.5°C (124.70°F)
. - 10/06/19 08:40:31
[__main__]:DEBUG: IN Water Temp: 26.5°C (79.70°F).
OUT Water Temp: 26.312°C (79.36°F).
CPU: 51.5°C (124.70°F)
. - 10/06/19 08:40:33
[__main__]:DEBUG: IN Water Temp: 26.5°C (79.70°F).
OUT Water Temp: 26.312°C (79.36°F).
CPU: 51.5°C (124.70°F)
. - 10/06/19 08:40:35
[__main__]:DEBUG: IN Water Temp: 26.5°C (79.70°F).
OUT Water Temp: 26.312°C (79.36°F).
CPU: 52.1°C (125.78°F)
. - 10/06/19 08:40:37
[__main__]:DEBUG: IN Water Temp: 26.5°C (79.70°F).
OUT Water Temp: 26.312°C (79.36°F).
CPU: 52.1°C (125.78°F)
. - 10/06/19 08:40:39
[__main__]:DEBUG: IN Water Temp: 26.5°C (79.70°F).
OUT Water Temp: 26.312°C (79.36°F).
CPU: 51.5°C (124.70°F)
. - 10/06/19 08:40:41
[__main__]:DEBUG: IN Water Temp: 26.5°C (79.70°F).
OUT Water Temp: 26.312°C (79.36°F).
CPU: 51.5°C (124.70°F)
. - 10/06/19 08:40:42
[__main__]:DEBUG: IN Water Temp: 26.5°C (79.70°F).
OUT Water Temp: 26.312°C (79.36°F).
CPU: 52.1°C (125.78°F)
. - 10/06/19 08:40:44
[__main__]:DEBUG: IN Water Temp: 26.5°C (79.70°F).
OUT Water Temp: 26.312°C (79.36°F).
CPU: 51.5°C (124.70°F)
. - 10/06/19 08:40:46
[__main__]:DEBUG: IN Water Temp: 26.5°C (79.70°F).
OUT Water Temp: 26.312°C (79.36°F).
CPU: 51.5°C (124.70°F)
. - 10/06/19 08:40:48
[__main__]:DEBUG: IN Water Temp: 26.5°C (79.70°F).
OUT Water Temp: 26.312°C (79.36°F).
CPU: 52.6°C (126.68°F)
. - 10/06/19 08:40:50
[__main__]:DEBUG: IN Water Temp: 26.5°C (79.70°F).
OUT Water Temp: 26.312°C (79.36°F).
CPU: 52.6°C (126.68°F)
. - 10/06/19 08:40:52
[__main__]:DEBUG: IN Water Temp: 26.5°C (79.70°F).
OUT Water Temp: 26.312°C (79.36°F).
CPU: 53.2°C (127.76°F)
. - 10/06/19 08:40:53
[__main__]:DEBUG: IN Water Temp: 26.5°C (79.70°F).
OUT Water Temp: 26.312°C (79.36°F).
CPU: 51.5°C (124.70°F)
. - 10/06/19 08:40:55
[__main__]:DEBUG: IN Water Temp: 26.5°C (79.70°F).
OUT Water Temp: 26.312°C (79.36°F).
CPU: 50.5°C (122.90°F)
. - 10/06/19 08:40:57
[__main__]:DEBUG: IN Water Temp: 26.5°C (79.70°F).
OUT Water Temp: 26.312°C (79.36°F).
CPU: 50.5°C (122.90°F)
. - 10/06/19 08:40:59
[__main__]:DEBUG: IN Water Temp: 26.5°C (79.70°F).
OUT Water Temp: 26.312°C (79.36°F).
CPU: 49.4°C (120.92°F)
. - 10/06/19 08:41:01
[__main__]:DEBUG: IN Water Temp: 26.5°C (79.70°F).
OUT Water Temp: 26.312°C (79.36°F).
CPU: 48.9°C (120.02°F)
. - 10/06/19 08:41:03
[__main__]:DEBUG: IN Water Temp: 26.5°C (79.70°F).
OUT Water Temp: 26.312°C (79.36°F).
CPU: 48.3°C (118.94°F)
. - 10/06/19 08:41:04
[__main__]:DEBUG: IN Water Temp: 26.5°C (79.70°F).
OUT Water Temp: 26.312°C (79.36°F).
CPU: 48.3°C (118.94°F)
. - 10/06/19 08:41:06
[__main__]:DEBUG: IN Water Temp: 26.5°C (79.70°F).
OUT Water Temp: 26.312°C (79.36°F).
CPU: 48.3°C (118.94°F)
. - 10/06/19 08:41:08
[__main__]:DEBUG: IN Water Temp: 26.5°C (79.70°F).
OUT Water Temp: 26.312°C (79.36°F).
CPU: 48.3°C (118.94°F)
. - 10/06/19 08:41:10
[__main__]:DEBUG: IN Water Temp: 26.5°C (79.70°F).
OUT Water Temp: 26.312°C (79.36°F).
CPU: 48.9°C (120.02°F)
. - 10/06/19 08:41:12
[__main__]:DEBUG: IN Water Temp: 26.5°C (79.70°F).
OUT Water Temp: 26.312°C (79.36°F).
CPU: 48.3°C (118.94°F)
. - 10/06/19 08:41:14
[__main__]:DEBUG: IN Water Temp: 26.5°C (79.70°F).
OUT Water Temp: 26.312°C (79.36°F).
CPU: 48.3°C (118.94°F)
. - 10/06/19 08:41:16
[__main__]:DEBUG: IN Water Temp: 26.5°C (79.70°F).
OUT Water Temp: 26.312°C (79.36°F).
CPU: 48.9°C (120.02°F)
. - 10/06/19 08:41:17
[__main__]:DEBUG: IN Water Temp: 26.5°C (79.70°F).
OUT Water Temp: 26.312°C (79.36°F).
CPU: 48.3°C (118.94°F)
. - 10/06/19 08:41:19
[__main__]:DEBUG: IN Water Temp: 26.5°C (79.70°F).
OUT Water Temp: 26.312°C (79.36°F).
CPU: 47.8°C (118.04°F)
. - 10/06/19 08:41:21
[__main__]:DEBUG: IN Water Temp: 26.5°C (79.70°F).
OUT Water Temp: 26.312°C (79.36°F).
CPU: 48.9°C (120.02°F)
. - 10/06/19 08:41:23
[__main__]:DEBUG: IN Water Temp: 26.5°C (79.70°F).
OUT Water Temp: 26.312°C (79.36°F).
CPU: 49.9°C (121.82°F)
. - 10/06/19 08:41:25
[__main__]:DEBUG: IN Water Temp: 26.5°C (79.70°F).
OUT Water Temp: 26.312°C (79.36°F).
CPU: 49.4°C (120.92°F)
. - 10/06/19 08:41:27
[__main__]:DEBUG: IN Water Temp: 26.562°C (79.81°F).
OUT Water Temp: 26.312°C (79.36°F).
CPU: 48.3°C (118.94°F)
. - 10/06/19 08:41:28
[__main__]:DEBUG: IN Water Temp: 26.562°C (79.81°F).
OUT Water Temp: 26.312°C (79.36°F).
CPU: 50.5°C (122.90°F)
. - 10/06/19 08:41:30
[__main__]:DEBUG: IN Water Temp: 26.562°C (79.81°F).
OUT Water Temp: 26.312°C (79.36°F).
CPU: 53.7°C (128.66°F)
. - 10/06/19 08:41:32
[__main__]:DEBUG: IN Water Temp: 26.5°C (79.70°F).
OUT Water Temp: 26.312°C (79.36°F).
CPU: 53.2°C (127.76°F)
. - 10/06/19 08:41:34
[__main__]:DEBUG: IN Water Temp: 26.5°C (79.70°F).
OUT Water Temp: 26.375°C (79.47°F).
CPU: 52.6°C (126.68°F)
. - 10/06/19 08:41:36
[__main__]:DEBUG: IN Water Temp: 26.562°C (79.81°F).
OUT Water Temp: 26.312°C (79.36°F).
CPU: 52.6°C (126.68°F)
. - 10/06/19 08:41:38
[__main__]:DEBUG: IN Water Temp: 26.562°C (79.81°F).
OUT Water Temp: 26.375°C (79.47°F).
CPU: 53.2°C (127.76°F)
. - 10/06/19 08:41:40
[__main__]:DEBUG: IN Water Temp: 26.562°C (79.81°F).
OUT Water Temp: 26.375°C (79.47°F).
CPU: 52.6°C (126.68°F)
. - 10/06/19 08:41:42
[__main__]:DEBUG: IN Water Temp: 26.562°C (79.81°F).
OUT Water Temp: 26.375°C (79.47°F).
CPU: 52.6°C (126.68°F)
. - 10/06/19 08:41:44
[__main__]:DEBUG: IN Water Temp: 26.562°C (79.81°F).
OUT Water Temp: 26.375°C (79.47°F).
CPU: 54.2°C (129.56°F)
. - 10/06/19 08:41:46
[__main__]:DEBUG: IN Water Temp: 26.562°C (79.81°F).
OUT Water Temp: 26.375°C (79.47°F).
CPU: 55.3°C (131.54°F)
. - 10/06/19 08:41:48
[__main__]:DEBUG: IN Water Temp: 26.562°C (79.81°F).
OUT Water Temp: 26.375°C (79.47°F).
CPU: 54.2°C (129.56°F)
. - 10/06/19 08:41:50
[__main__]:DEBUG: IN Water Temp: 26.562°C (79.81°F).
OUT Water Temp: 26.375°C (79.47°F).
CPU: 53.7°C (128.66°F)
. - 10/06/19 08:41:51
[__main__]:DEBUG: IN Water Temp: 26.562°C (79.81°F).
OUT Water Temp: 26.375°C (79.47°F).
CPU: 54.2°C (129.56°F)
. - 10/06/19 08:41:53
[__main__]:DEBUG: IN Water Temp: 26.562°C (79.81°F).
OUT Water Temp: 26.375°C (79.47°F).
CPU: 53.7°C (128.66°F)
. - 10/06/19 08:41:55
[__main__]:DEBUG: IN Water Temp: 26.562°C (79.81°F).
OUT Water Temp: 26.375°C (79.47°F).
CPU: 53.7°C (128.66°F)
. - 10/06/19 08:41:57
[__main__]:DEBUG: IN Water Temp: 26.562°C (79.81°F).
OUT Water Temp: 26.375°C (79.47°F).
CPU: 53.7°C (128.66°F)
. - 10/06/19 08:41:59
[__main__]:DEBUG: IN Water Temp: 26.562°C (79.81°F).
OUT Water Temp: 26.375°C (79.47°F).
CPU: 53.7°C (128.66°F)
. - 10/06/19 08:42:01
[__main__]:DEBUG: IN Water Temp: 26.562°C (79.81°F).
OUT Water Temp: 26.375°C (79.47°F).
CPU: 53.7°C (128.66°F)
. - 10/06/19 08:42:02
[__main__]:DEBUG: IN Water Temp: 26.562°C (79.81°F).
OUT Water Temp: 26.375°C (79.47°F).
CPU: 53.7°C (128.66°F)
. - 10/06/19 08:42:04
[__main__]:DEBUG: IN Water Temp: 26.562°C (79.81°F).
OUT Water Temp: 26.375°C (79.47°F).
CPU: 53.7°C (128.66°F)
. - 10/06/19 08:42:06
[__main__]:DEBUG: IN Water Temp: 26.562°C (79.81°F).
OUT Water Temp: 26.375°C (79.47°F).
CPU: 53.7°C (128.66°F)
. - 10/06/19 08:42:08
[__main__]:DEBUG: IN Water Temp: 26.562°C (79.81°F).
OUT Water Temp: 26.375°C (79.47°F).
CPU: 52.6°C (126.68°F)
. - 10/06/19 08:42:10
[__main__]:DEBUG: IN Water Temp: 26.562°C (79.81°F).
OUT Water Temp: 26.375°C (79.47°F).
CPU: 51.0°C (123.80°F)
. - 10/06/19 08:42:12
[__main__]:DEBUG: IN Water Temp: 26.562°C (79.81°F).
OUT Water Temp: 26.375°C (79.47°F).
CPU: 51.0°C (123.80°F)
. - 10/06/19 08:42:13
[__main__]:DEBUG: IN Water Temp: 26.562°C (79.81°F).
OUT Water Temp: 26.375°C (79.47°F).
CPU: 51.0°C (123.80°F)
. - 10/06/19 08:42:15
[__main__]:DEBUG: IN Water Temp: 26.562°C (79.81°F).
OUT Water Temp: 26.375°C (79.47°F).
CPU: 49.4°C (120.92°F)
. - 10/06/19 08:42:17
[__main__]:DEBUG: IN Water Temp: 26.562°C (79.81°F).
OUT Water Temp: 26.375°C (79.47°F).
CPU: 49.4°C (120.92°F)
. - 10/06/19 08:42:19
[__main__]:DEBUG: IN Water Temp: 26.562°C (79.81°F).
OUT Water Temp: 26.375°C (79.47°F).
CPU: 49.4°C (120.92°F)
. - 10/06/19 08:42:21
[__main__]:DEBUG: IN Water Temp: 26.562°C (79.81°F).
OUT Water Temp: 26.375°C (79.47°F).
CPU: 49.4°C (120.92°F)
. - 10/06/19 08:42:23
[__main__]:DEBUG: IN Water Temp: 26.562°C (79.81°F).
OUT Water Temp: 26.375°C (79.47°F).
CPU: 49.4°C (120.92°F)
. - 10/06/19 08:42:24
[__main__]:DEBUG: IN Water Temp: 26.562°C (79.81°F).
OUT Water Temp: 26.375°C (79.47°F).
CPU: 49.4°C (120.92°F)
. - 10/06/19 08:42:26
[__main__]:DEBUG: IN Water Temp: 26.562°C (79.81°F).
OUT Water Temp: 26.375°C (79.47°F).
CPU: 49.4°C (120.92°F)
. - 10/06/19 08:42:28
[__main__]:DEBUG: IN Water Temp: 26.562°C (79.81°F).
OUT Water Temp: 26.375°C (79.47°F).
CPU: 48.9°C (120.02°F)
. - 10/06/19 08:42:30
[__main__]:DEBUG: IN Water Temp: 26.562°C (79.81°F).
OUT Water Temp: 26.375°C (79.47°F).
CPU: 48.3°C (118.94°F)
. - 10/06/19 08:42:32
[__main__]:DEBUG: IN Water Temp: 26.625°C (79.93°F).
OUT Water Temp: 26.375°C (79.47°F).
CPU: 48.9°C (120.02°F)
. - 10/06/19 08:42:34
[__main__]:DEBUG: IN Water Temp: 26.562°C (79.81°F).
OUT Water Temp: 26.375°C (79.47°F).
CPU: 48.9°C (120.02°F)
. - 10/06/19 08:42:36
[__main__]:DEBUG: IN Water Temp: 26.562°C (79.81°F).
OUT Water Temp: 26.375°C (79.47°F).
CPU: 48.3°C (118.94°F)
. - 10/06/19 08:42:37
[__main__]:DEBUG: IN Water Temp: 26.562°C (79.81°F).
OUT Water Temp: 26.375°C (79.47°F).
CPU: 48.3°C (118.94°F)
. - 10/06/19 08:42:39
[__main__]:DEBUG: IN Water Temp: 26.625°C (79.93°F).
OUT Water Temp: 26.375°C (79.47°F).
CPU: 48.3°C (118.94°F)
. - 10/06/19 08:42:41
[__main__]:DEBUG: IN Water Temp: 26.625°C (79.93°F).
OUT Water Temp: 26.375°C (79.47°F).
CPU: 48.3°C (118.94°F)
. - 10/06/19 08:42:43
[__main__]:DEBUG: IN Water Temp: 26.625°C (79.93°F).
OUT Water Temp: 26.437°C (79.59°F).
CPU: 48.3°C (118.94°F)
. - 10/06/19 08:42:45
[__main__]:DEBUG: IN Water Temp: 26.625°C (79.93°F).
OUT Water Temp: 26.375°C (79.47°F).
CPU: 48.3°C (118.94°F)
. - 10/06/19 08:42:47
[__main__]:DEBUG: IN Water Temp: 26.625°C (79.93°F).
OUT Water Temp: 26.437°C (79.59°F).
CPU: 47.8°C (118.04°F)
. - 10/06/19 08:42:48
[__main__]:DEBUG: IN Water Temp: 26.625°C (79.93°F).
OUT Water Temp: 26.375°C (79.47°F).
CPU: 48.3°C (118.94°F)
. - 10/06/19 08:42:50
[__main__]:DEBUG: IN Water Temp: 26.625°C (79.93°F).
OUT Water Temp: 26.437°C (79.59°F).
CPU: 47.2°C (116.96°F)
. - 10/06/19 08:42:52
[__main__]:DEBUG: IN Water Temp: 26.625°C (79.93°F).
OUT Water Temp: 26.437°C (79.59°F).
CPU: 48.3°C (118.94°F)
. - 10/06/19 08:42:54
[__main__]:DEBUG: IN Water Temp: 26.625°C (79.93°F).
OUT Water Temp: 26.437°C (79.59°F).
CPU: 47.8°C (118.04°F)
. - 10/06/19 08:42:56
[__main__]:INFO: Cleaning up . . . 
 = = = = = = = = = = = = = = = = = = = = = = = = = = = = = = = =. - 10/06/19 08:42:56
[__main__]:DEBUG: IN Water Temp: 99.999°C (212.00°F).
OUT Water Temp: 26.437°C (79.59°F).
CPU: 47.8°C (118.04°F)
. - 10/06/19 08:42:57
[__main__]:DEBUG: IN Water Temp: 26.625°C (79.93°F).
OUT Water Temp: 26.437°C (79.59°F).
CPU: 47.2°C (116.96°F)
. - 10/06/19 08:42:59
[__main__]:DEBUG: IN Water Temp: 26.625°C (79.93°F).
OUT Water Temp: 26.437°C (79.59°F).
CPU: 48.3°C (118.94°F)
. - 10/06/19 08:43:01
[__main__]:INFO: Cleaning up . . . 
 = = = = = = = = = = = = = = = = = = = = = = = = = = = = = = = =. - 10/06/19 08:43:01
[__main__]:INFO: Cleaning up . . . 
 = = = = = = = = = = = = = = = = = = = = = = = = = = = = = = = =. - 10/06/19 08:43:02
[__main__]:DEBUG: IN Water Temp: 99.999°C (212.00°F).
OUT Water Temp: 99.624°C (211.32°F).
CPU: 48.3°C (118.94°F)
. - 10/06/19 08:43:02
[__main__]:DEBUG: IN Water Temp: 26.625°C (79.93°F).
OUT Water Temp: 26.437°C (79.59°F).
CPU: 48.3°C (118.94°F)
. - 10/06/19 08:43:04
[__main__]:INFO: Cleaning up . . . 
 = = = = = = = = = = = = = = = = = = = = = = = = = = = = = = = =. - 10/06/19 08:43:06
[__main__]:DEBUG: IN Water Temp: 26.625°C (79.93°F).
OUT Water Temp: 99.624°C (211.32°F).
CPU: 47.8°C (118.04°F)
. - 10/06/19 08:43:06
[__main__]:INFO: Cleaning up . . . 
 = = = = = = = = = = = = = = = = = = = = = = = = = = = = = = = =. - 10/06/19 08:43:06
[__main__]:INFO: Cleaning up . . . 
 = = = = = = = = = = = = = = = = = = = = = = = = = = = = = = = =. - 10/06/19 08:43:06
[__main__]:DEBUG: IN Water Temp: 99.999°C (212.00°F).
OUT Water Temp: 99.624°C (211.32°F).
CPU: . - 10/06/19 08:43:06
[__main__]:DEBUG: IN Water Temp: 26.625°C (79.93°F).
OUT Water Temp: 26.437°C (79.59°F).
CPU: 47.8°C (118.04°F)
. - 10/06/19 08:43:08
[__main__]:INFO: Cleaning up . . . 
 = = = = = = = = = = = = = = = = = = = = = = = = = = = = = = = =. - 10/06/19 08:43:08
[__main__]:INFO: Cleaning up . . . 
 = = = = = = = = = = = = = = = = = = = = = = = = = = = = = = = =. - 10/06/19 08:43:09
[__main__]:DEBUG: IN Water Temp: 99.999°C (212.00°F).
OUT Water Temp: 99.624°C (211.32°F).
CPU: . - 10/06/19 08:43:09
[__main__]:INFO: Cleaning up . . . 
 = = = = = = = = = = = = = = = = = = = = = = = = = = = = = = = =. - 10/06/19 08:43:09
[__main__]:INFO: Cleaning up . . . 
 = = = = = = = = = = = = = = = = = = = = = = = = = = = = = = = =. - 10/06/19 08:43:09
[__main__]:DEBUG: IN Water Temp: 99.999°C (212.00°F).
OUT Water Temp: 99.624°C (211.32°F).
CPU: . - 10/06/19 08:43:09
[__main__]:INFO: Cleaning up . . . 
 = = = = = = = = = = = = = = = = = = = = = = = = = = = = = = = =. - 10/06/19 08:43:09
[__main__]:INFO: Cleaning up . . . 
 = = = = = = = = = = = = = = = = = = = = = = = = = = = = = = = =. - 10/06/19 08:43:09
[__main__]:DEBUG: IN Water Temp: 99.999°C (212.00°F).
OUT Water Temp: 99.624°C (211.32°F).
CPU: . - 10/06/19 08:43:09
[__main__]:INFO: Cleaning up . . . 
 = = = = = = = = = = = = = = = = = = = = = = = = = = = = = = = =. - 10/06/19 08:43:09
[__main__]:INFO: Cleaning up . . . 
 = = = = = = = = = = = = = = = = = = = = = = = = = = = = = = = =. - 10/06/19 08:43:09
[__main__]:DEBUG: IN Water Temp: 99.999°C (212.00°F).
OUT Water Temp: 99.624°C (211.32°F).
CPU: . - 10/06/19 08:43:09
[__main__]:INFO: Cleaning up . . . 
 = = = = = = = = = = = = = = = = = = = = = = = = = = = = = = = =. - 10/06/19 08:43:09
[__main__]:INFO: Cleaning up . . . 
 = = = = = = = = = = = = = = = = = = = = = = = = = = = = = = = =. - 10/06/19 08:43:09
[__main__]:DEBUG: IN Water Temp: 99.999°C (212.00°F).
OUT Water Temp: 99.624°C (211.32°F).
CPU: . - 10/06/19 08:43:09
[__main__]:INFO: Cleaning up . . . 
 = = = = = = = = = = = = = = = = = = = = = = = = = = = = = = = =. - 10/06/19 08:43:09
[__main__]:INFO: Cleaning up . . . 
 = = = = = = = = = = = = = = = = = = = = = = = = = = = = = = = =. - 10/06/19 08:43:09
[__main__]:DEBUG: IN Water Temp: 99.999°C (212.00°F).
OUT Water Temp: 99.624°C (211.32°F).
CPU: . - 10/06/19 08:43:09
[__main__]:INFO: Cleaning up . . . 
 = = = = = = = = = = = = = = = = = = = = = = = = = = = = = = = =. - 10/06/19 08:43:09
[__main__]:INFO: Cleaning up . . . 
 = = = = = = = = = = = = = = = = = = = = = = = = = = = = = = = =. - 10/06/19 08:43:09
[__main__]:DEBUG: IN Water Temp: 99.999°C (212.00°F).
OUT Water Temp: 99.624°C (211.32°F).
CPU: . - 10/06/19 08:43:09
[__main__]:INFO: Cleaning up . . . 
 = = = = = = = = = = = = = = = = = = = = = = = = = = = = = = = =. - 10/06/19 08:43:09
[__main__]:INFO: Cleaning up . . . 
 = = = = = = = = = = = = = = = = = = = = = = = = = = = = = = = =. - 10/06/19 08:43:10
[__main__]:DEBUG: IN Water Temp: 99.999°C (212.00°F).
OUT Water Temp: 99.624°C (211.32°F).
CPU: . - 10/06/19 08:43:10
[__main__]:INFO: Cleaning up . . . 
 = = = = = = = = = = = = = = = = = = = = = = = = = = = = = = = =. - 10/06/19 08:43:10
[__main__]:INFO: Cleaning up . . . 
 = = = = = = = = = = = = = = = = = = = = = = = = = = = = = = = =. - 10/06/19 08:43:10
[__main__]:DEBUG: IN Water Temp: 99.999°C (212.00°F).
OUT Water Temp: 99.624°C (211.32°F).
CPU: . - 10/06/19 08:43:10
[__main__]:INFO: Cleaning up . . . 
 = = = = = = = = = = = = = = = = = = = = = = = = = = = = = = = =. - 10/06/19 08:43:10
[__main__]:INFO: Cleaning up . . . 
 = = = = = = = = = = = = = = = = = = = = = = = = = = = = = = = =. - 10/06/19 08:43:10
[__main__]:DEBUG: IN Water Temp: 99.999°C (212.00°F).
OUT Water Temp: 99.624°C (211.32°F).
CPU: . - 10/06/19 08:43:10
[__main__]:INFO: Cleaning up . . . 
 = = = = = = = = = = = = = = = = = = = = = = = = = = = = = = = =. - 10/06/19 08:43:10
[__main__]:INFO: Cleaning up . . . 
 = = = = = = = = = = = = = = = = = = = = = = = = = = = = = = = =. - 10/06/19 08:43:10
[__main__]:DEBUG: IN Water Temp: 99.999°C (212.00°F).
OUT Water Temp: 99.624°C (211.32°F).
CPU: . - 10/06/19 08:43:10
[__main__]:INFO: Cleaning up . . . 
 = = = = = = = = = = = = = = = = = = = = = = = = = = = = = = = =. - 10/06/19 08:43:10
[__main__]:INFO: Cleaning up . . . 
 = = = = = = = = = = = = = = = = = = = = = = = = = = = = = = = =. - 10/06/19 08:43:10
[__main__]:DEBUG: IN Water Temp: 99.999°C (212.00°F).
OUT Water Temp: 99.624°C (211.32°F).
CPU: . - 10/06/19 08:43:10
[__main__]:INFO: Cleaning up . . . 
 = = = = = = = = = = = = = = = = = = = = = = = = = = = = = = = =. - 10/06/19 08:43:10
[__main__]:INFO: Cleaning up . . . 
 = = = = = = = = = = = = = = = = = = = = = = = = = = = = = = = =. - 10/06/19 08:43:10
[__main__]:DEBUG: IN Water Temp: 99.999°C (212.00°F).
OUT Water Temp: 99.624°C (211.32°F).
CPU: . - 10/06/19 08:43:10
[__main__]:INFO: Cleaning up . . . 
 = = = = = = = = = = = = = = = = = = = = = = = = = = = = = = = =. - 10/06/19 08:43:10
[__main__]:DEBUG: IN Water Temp: 99.999°C (212.00°F).
OUT Water Temp: 26.437°C (79.59°F).
CPU: 48.3°C (118.94°F)
. - 10/06/19 08:43:11
[__main__]:DEBUG: IN Water Temp: 26.625°C (79.93°F).
OUT Water Temp: 26.437°C (79.59°F).
CPU: 48.3°C (118.94°F)
. - 10/06/19 08:43:13
[__main__]:DEBUG: IN Water Temp: 26.625°C (79.93°F).
OUT Water Temp: 26.437°C (79.59°F).
CPU: 47.8°C (118.04°F)
. - 10/06/19 08:43:15
[__main__]:DEBUG: IN Water Temp: 26.625°C (79.93°F).
OUT Water Temp: 26.437°C (79.59°F).
CPU: 47.2°C (116.96°F)
. - 10/06/19 08:43:17
[__main__]:DEBUG: IN Water Temp: 26.625°C (79.93°F).
OUT Water Temp: 26.437°C (79.59°F).
CPU: 47.8°C (118.04°F)
. - 10/06/19 08:43:19
[__main__]:DEBUG: IN Water Temp: 26.625°C (79.93°F).
OUT Water Temp: 26.437°C (79.59°F).
CPU: 47.8°C (118.04°F)
. - 10/06/19 08:43:20
[__main__]:DEBUG: IN Water Temp: 26.625°C (79.93°F).
OUT Water Temp: 26.437°C (79.59°F).
CPU: 47.2°C (116.96°F)
. - 10/06/19 08:43:22
[__main__]:INFO: Cleaning up . . . 
 = = = = = = = = = = = = = = = = = = = = = = = = = = = = = = = =. - 10/06/19 08:43:23
[__main__]:INFO: Cleaning up . . . 
 = = = = = = = = = = = = = = = = = = = = = = = = = = = = = = = =. - 10/06/19 08:43:24
[__main__]:DEBUG: IN Water Temp: 99.999°C (212.00°F).
OUT Water Temp: 99.624°C (211.32°F).
CPU: 47.8°C (118.04°F)
. - 10/06/19 08:43:24
[__main__]:DEBUG: IN Water Temp: 26.625°C (79.93°F).
OUT Water Temp: 26.437°C (79.59°F).
CPU: 47.8°C (118.04°F)
. - 10/06/19 08:43:26
Sun, 06 Oct 2019 12:26:10 - 
 = = = = = = = = = = = = = = = = = = = = = = = = = = = = = = = =
Starting up . . .  in __main__.
Sun, 06 Oct 2019 12:26:10 - That's all folks.  Goodbye in __main__.
Sun, 06 Oct 2019 12:26:31 - 
 = = = = = = = = = = = = = = = = = = = = = = = = = = = = = = = =
Starting up . . .  in __main__.
Sun, 06 Oct 2019 12:26:31 - That's all folks.  Goodbye in __main__.
Sun, 06 Oct 2019 12:27:01 - 
 = = = = = = = = = = = = = = = = = = = = = = = = = = = = = = = =
Starting up . . .  in __main__.
Sun, 06 Oct 2019 12:27:01 - That's all folks.  Goodbye in __main__.
Sun, 06 Oct 2019 12:29:07 - 
 = = = = = = = = = = = = = = = = = = = = = = = = = = = = = = = =
Starting up . . .  in __main__.
Sun, 06 Oct 2019 12:29:07 - That's all folks.  Goodbye in __main__.
Sun, 06 Oct 2019 12:29:45 - 
 = = = = = = = = = = = = = = = = = = = = = = = = = = = = = = = =
Starting up . . .  in __main__.
Sun, 06 Oct 2019 12:29:45 - That's all folks.  Goodbye in __main__.
Sun, 06 Oct 2019 12:30:04 - 
 = = = = = = = = = = = = = = = = = = = = = = = = = = = = = = = =
Starting up . . .  in __main__.
Sun, 06 Oct 2019 12:30:04 - That's all folks.  Goodbye in __main__.
Sun, 06 Oct 2019 12:31:18 - 
 = = = = = = = = = = = = = = = = = = = = = = = = = = = = = = = =
Starting up . . .  in __main__.
Sun, 06 Oct 2019 12:31:18 - That's all folks.  Goodbye in __main__.
Sun, 06 Oct 2019 12:32:31 - 
 = = = = = = = = = = = = = = = = = = = = = = = = = = = = = = = =
Starting up . . .  in __main__.
Sun, 06 Oct 2019 12:32:31 - That's all folks.  Goodbye in __main__.
Sun, 06 Oct 2019 12:33:08 - 
 = = = = = = = = = = = = = = = = = = = = = = = = = = = = = = = =
Starting up . . .  in __main__.
Sun, 06 Oct 2019 12:33:08 - That's all folks.  Goodbye in __main__.
Sun, 06 Oct 2019 12:33:40 - 
 = = = = = = = = = = = = = = = = = = = = = = = = = = = = = = = =
Starting up . . .  in __main__.
Sun, 06 Oct 2019 12:33:40 - That's all folks.  Goodbye in __main__.
Sun, 06 Oct 2019 12:33:52 - 
 = = = = = = = = = = = = = = = = = = = = = = = = = = = = = = = =
Starting up . . .  in __main__.
Sun, 06 Oct 2019 12:33:52 - That's all folks.  Goodbye in __main__.
Sun, 06 Oct 2019 12:35:23 - 
 = = = = = = = = = = = = = = = = = = = = = = = = = = = = = = = =
Starting up . . .  in __main__.
Sun, 06 Oct 2019 12:35:23 - That's all folks.  Goodbye in __main__.
Sun, 06 Oct 2019 12:37:06 - 
 = = = = = = = = = = = = = = = = = = = = = = = = = = = = = = = =
Starting up . . .  in __main__.
Sun, 06 Oct 2019 12:37:06 - That's all folks.  Goodbye in __main__.
Sun, 06 Oct 2019 12:37:25 - 
 = = = = = = = = = = = = = = = = = = = = = = = = = = = = = = = =
Starting up . . .  in __main__.
Sun, 06 Oct 2019 12:37:25 - That's all folks.  Goodbye in __main__.
Sun, 06 Oct 2019 12:38:08 - 
 = = = = = = = = = = = = = = = = = = = = = = = = = = = = = = = =
Starting up . . .  in __main__.
Sun, 06 Oct 2019 12:38:08 - That's all folks.  Goodbye in __main__.
Sun, 06 Oct 2019 12:40:43 - 
 = = = = = = = = = = = = = = = = = = = = = = = = = = = = = = = =
Starting up . . .  in __main__.
Sun, 06 Oct 2019 12:40:43 - That's all folks.  Goodbye in __main__.
Sun, 06 Oct 2019 12:41:35 - 
 = = = = = = = = = = = = = = = = = = = = = = = = = = = = = = = =
Starting up . . .  in __main__.
Sun, 06 Oct 2019 12:41:35 - That's all folks.  Goodbye in __main__.
Sun, 06 Oct 2019 12:42:52 - 
 = = = = = = = = = = = = = = = = = = = = = = = = = = = = = = = =
Starting up . . .  in __main__.
Sun, 06 Oct 2019 12:42:52 - That's all folks.  Goodbye in __main__.
Sun, 06 Oct 2019 12:44:52 - 
 = = = = = = = = = = = = = = = = = = = = = = = = = = = = = = = =
Starting up . . .  in __main__.
Sun, 06 Oct 2019 12:44:52 - That's all folks.  Goodbye in __main__.
Sun, 06 Oct 2019 12:45:21 - 
 = = = = = = = = = = = = = = = = = = = = = = = = = = = = = = = =
Starting up . . .  in __main__.
Sun, 06 Oct 2019 12:45:21 - That's all folks.  Goodbye in __main__.
Sun, 06 Oct 2019 12:45:37 - 
 = = = = = = = = = = = = = = = = = = = = = = = = = = = = = = = =
Starting up . . .  in __main__.
Sun, 06 Oct 2019 12:45:37 - That's all folks.  Goodbye in __main__.
Sun, 06 Oct 2019 13:00:43 - 
 = = = = = = = = = = = = = = = = = = = = = = = = = = = = = = = =
Starting up . . .  in __main__.
Sun, 06 Oct 2019 13:00:44 - That's all folks.  Goodbye in __main__.
Sun, 06 Oct 2019 13:01:29 - 
 = = = = = = = = = = = = = = = = = = = = = = = = = = = = = = = =
Starting up . . .  in __main__.
Sun, 06 Oct 2019 13:01:30 - That's all folks.  Goodbye in __main__.
Sun, 06 Oct 2019 13:04:38 - 
 = = = = = = = = = = = = = = = = = = = = = = = = = = = = = = = =
Starting up . . .  in __main__.
Sun, 06 Oct 2019 13:04:39 - That's all folks.  Goodbye in __main__.
Sun, 06 Oct 2019 13:05:18 - 
 = = = = = = = = = = = = = = = = = = = = = = = = = = = = = = = =
Starting up . . .  in __main__.
Sun, 06 Oct 2019 13:05:19 - That's all folks.  Goodbye in __main__.
Sun, 06 Oct 2019 13:07:30 - 
 = = = = = = = = = = = = = = = = = = = = = = = = = = = = = = = =
Starting up . . .  in __main__.
Sun, 06 Oct 2019 13:07:52 - Cleaning up . . . 
 = = = = = = = = = = = = = = = = = = = = = = = = = = = = = = = = in __main__.
Sun, 06 Oct 2019 13:07:52 - That's all folks.  Goodbye in __main__.
Sun, 06 Oct 2019 13:08:15 - 
 = = = = = = = = = = = = = = = = = = = = = = = = = = = = = = = =
Starting up . . .  in __main__.
Sun, 06 Oct 2019 13:08:41 - Cleaning up . . . 
 = = = = = = = = = = = = = = = = = = = = = = = = = = = = = = = = in __main__.
Sun, 06 Oct 2019 13:08:41 - That's all folks.  Goodbye in __main__.
Sun, 06 Oct 2019 13:10:30 - 
 = = = = = = = = = = = = = = = = = = = = = = = = = = = = = = = =
Starting up . . .  in __main__.
Sun, 06 Oct 2019 13:10:47 - Cleaning up . . . 
 = = = = = = = = = = = = = = = = = = = = = = = = = = = = = = = = in __main__.
Sun, 06 Oct 2019 13:10:47 - That's all folks.  Goodbye in __main__.
Sun, 06 Oct 2019 13:11:21 - 
 = = = = = = = = = = = = = = = = = = = = = = = = = = = = = = = =
Starting up . . .  in __main__.
Sun, 06 Oct 2019 13:11:30 - Cleaning up . . . 
 = = = = = = = = = = = = = = = = = = = = = = = = = = = = = = = = in __main__.
Sun, 06 Oct 2019 13:11:30 - That's all folks.  Goodbye in __main__.
Sun, 06 Oct 2019 13:48:42 - 
 = = = = = = = = = = = = = = = = = = = = = = = = = = = = = = = =
Starting up . . .  in __main__.
Sun, 06 Oct 2019 13:48:42 - That's all folks.  Goodbye in __main__.
Sun, 06 Oct 2019 13:54:42 - 
 = = = = = = = = = = = = = = = = = = = = = = = = = = = = = = = =
Starting up . . .  in __main__.
Sun, 06 Oct 2019 13:54:42 - That's all folks.  Goodbye in __main__.
Sun, 06 Oct 2019 13:57:45 - 
 = = = = = = = = = = = = = = = = = = = = = = = = = = = = = = = =
Starting up . . .  in __main__.
Sun, 06 Oct 2019 13:57:45 - That's all folks.  Goodbye in __main__.
Sun, 06 Oct 2019 13:59:42 - 
 = = = = = = = = = = = = = = = = = = = = = = = = = = = = = = = =
Starting up . . .  in __main__.
Sun, 06 Oct 2019 13:59:42 - That's all folks.  Goodbye in __main__.
Sun, 06 Oct 2019 14:02:31 - 
 = = = = = = = = = = = = = = = = = = = = = = = = = = = = = = = =
Starting up . . .  in __main__.
Sun, 06 Oct 2019 14:02:51 - Cleaning up . . . 
 = = = = = = = = = = = = = = = = = = = = = = = = = = = = = = = = in __main__.
Sun, 06 Oct 2019 14:02:51 - That's all folks.  Goodbye in __main__.
Sun, 06 Oct 2019 14:02:57 - 
 = = = = = = = = = = = = = = = = = = = = = = = = = = = = = = = =
Starting up . . .  in __main__.
Sun, 06 Oct 2019 14:03:03 - Cleaning up . . . 
 = = = = = = = = = = = = = = = = = = = = = = = = = = = = = = = = in __main__.
Sun, 06 Oct 2019 14:03:03 - That's all folks.  Goodbye in __main__.
Sun, 06 Oct 2019 14:03:44 - 
 = = = = = = = = = = = = = = = = = = = = = = = = = = = = = = = =
Starting up . . .  in __main__.
Sun, 06 Oct 2019 14:04:17 - Cleaning up . . . 
 = = = = = = = = = = = = = = = = = = = = = = = = = = = = = = = = in __main__.
Sun, 06 Oct 2019 14:04:17 - That's all folks.  Goodbye in __main__.
Sun, 06 Oct 2019 14:05:57 - 
 = = = = = = = = = = = = = = = = = = = = = = = = = = = = = = = =
Starting up . . .  in __main__.
Sun, 06 Oct 2019 14:06:04 - Cleaning up . . . 
 = = = = = = = = = = = = = = = = = = = = = = = = = = = = = = = = in __main__.
Sun, 06 Oct 2019 14:06:04 - That's all folks.  Goodbye in __main__.
Sun, 06 Oct 2019 14:07:31 - 
 = = = = = = = = = = = = = = = = = = = = = = = = = = = = = = = =
Starting up . . .  in __main__.
Sun, 06 Oct 2019 14:07:31 - That's all folks.  Goodbye in __main__.
Sun, 06 Oct 2019 14:07:58 - 
 = = = = = = = = = = = = = = = = = = = = = = = = = = = = = = = =
Starting up . . .  in __main__.
Sun, 06 Oct 2019 14:08:54 - Cleaning up . . . 
 = = = = = = = = = = = = = = = = = = = = = = = = = = = = = = = = in __main__.
Sun, 06 Oct 2019 14:08:54 - That's all folks.  Goodbye in __main__.
Sun, 06 Oct 2019 14:09:34 - 
 = = = = = = = = = = = = = = = = = = = = = = = = = = = = = = = =
Starting up . . .  in __main__.
Sun, 06 Oct 2019 14:28:30 - Cleaning up . . . 
 = = = = = = = = = = = = = = = = = = = = = = = = = = = = = = = = in __main__.
Sun, 06 Oct 2019 14:28:30 - That's all folks.  Goodbye in __main__.
Mon, 07 Oct 2019 17:16:27 - 
 = = = = = = = = = = = = = = = = = = = = = = = = = = = = = = = =
Starting up . . .  in __main__.
Mon, 07 Oct 2019 17:16:28 - That's all folks.  Goodbye in __main__.
Mon, 07 Oct 2019 17:19:46 - 
 = = = = = = = = = = = = = = = = = = = = = = = = = = = = = = = =
Starting up . . .  in __main__.
Mon, 07 Oct 2019 17:19:48 - That's all folks.  Goodbye in __main__.
Mon, 07 Oct 2019 17:22:01 - 
 = = = = = = = = = = = = = = = = = = = = = = = = = = = = = = = =
Starting up . . .  in __main__.
Mon, 07 Oct 2019 17:22:03 - That's all folks.  Goodbye in __main__.
Mon, 07 Oct 2019 17:35:48 - 
 = = = = = = = = = = = = = = = = = = = = = = = = = = = = = = = =
Starting up . . .  in __main__.
Mon, 07 Oct 2019 17:35:50 - That's all folks.  Goodbye in __main__.
Mon, 07 Oct 2019 17:36:10 - 
 = = = = = = = = = = = = = = = = = = = = = = = = = = = = = = = =
Starting up . . .  in __main__.
Mon, 07 Oct 2019 17:36:49 - Cleaning up . . . 
 = = = = = = = = = = = = = = = = = = = = = = = = = = = = = = = = in __main__.
Mon, 07 Oct 2019 17:36:49 - That's all folks.  Goodbye in __main__.
Mon, 07 Oct 2019 17:38:17 - 
 = = = = = = = = = = = = = = = = = = = = = = = = = = = = = = = =
Starting up . . .  in __main__.
Mon, 07 Oct 2019 17:38:43 - Cleaning up . . . 
 = = = = = = = = = = = = = = = = = = = = = = = = = = = = = = = = in __main__.
Mon, 07 Oct 2019 17:38:43 - That's all folks.  Goodbye in __main__.
Mon, 07 Oct 2019 17:40:36 - 
 = = = = = = = = = = = = = = = = = = = = = = = = = = = = = = = =
Starting up . . .  in __main__.
Mon, 07 Oct 2019 17:40:42 - Cleaning up . . . 
 = = = = = = = = = = = = = = = = = = = = = = = = = = = = = = = = in __main__.
Mon, 07 Oct 2019 17:40:42 - That's all folks.  Goodbye in __main__.
Mon, 07 Oct 2019 17:41:08 - 
 = = = = = = = = = = = = = = = = = = = = = = = = = = = = = = = =
Starting up . . .  in __main__.
Mon, 07 Oct 2019 17:56:04 - Cleaning up . . . 
 = = = = = = = = = = = = = = = = = = = = = = = = = = = = = = = = in __main__.
Mon, 07 Oct 2019 17:56:04 - That's all folks.  Goodbye in __main__.
Mon, 07 Oct 2019 17:56:21 - 
 = = = = = = = = = = = = = = = = = = = = = = = = = = = = = = = =
Starting up . . .  in __main__.
Mon, 07 Oct 2019 17:59:17 - Cleaning up . . . 
 = = = = = = = = = = = = = = = = = = = = = = = = = = = = = = = = in __main__.
Mon, 07 Oct 2019 17:59:17 - That's all folks.  Goodbye in __main__.
Mon, 07 Oct 2019 17:59:18 - 
 = = = = = = = = = = = = = = = = = = = = = = = = = = = = = = = =
Starting up . . .  in __main__.
Mon, 07 Oct 2019 17:59:29 - Cleaning up . . . 
 = = = = = = = = = = = = = = = = = = = = = = = = = = = = = = = = in __main__.
Mon, 07 Oct 2019 17:59:29 - That's all folks.  Goodbye in __main__.
Mon, 07 Oct 2019 17:59:52 - 
 = = = = = = = = = = = = = = = = = = = = = = = = = = = = = = = =
Starting up . . .  in __main__.
Mon, 07 Oct 2019 18:00:06 - Cleaning up . . . 
 = = = = = = = = = = = = = = = = = = = = = = = = = = = = = = = = in __main__.
Mon, 07 Oct 2019 18:00:06 - That's all folks.  Goodbye in __main__.
Mon, 07 Oct 2019 18:01:16 - 
 = = = = = = = = = = = = = = = = = = = = = = = = = = = = = = = =
Starting up . . .  in __main__.
Mon, 07 Oct 2019 18:01:40 - Cleaning up . . . 
 = = = = = = = = = = = = = = = = = = = = = = = = = = = = = = = = in __main__.
Mon, 07 Oct 2019 18:01:40 - That's all folks.  Goodbye in __main__.
Mon, 07 Oct 2019 18:04:29 - 
 = = = = = = = = = = = = = = = = = = = = = = = = = = = = = = = =
Starting up . . .  in __main__.
Mon, 07 Oct 2019 18:05:34 - Cleaning up . . . 
 = = = = = = = = = = = = = = = = = = = = = = = = = = = = = = = = in __main__.
Mon, 07 Oct 2019 18:05:34 - That's all folks.  Goodbye in __main__.
[root]:INFO: Debugging output enabled. - 10/07/19 18:05:39
[__main__]:DEBUG: Top of try. - 10/07/19 18:05:39
[__main__]:INFO: 
 = = = = = = = = = = = = = = = = = = = = = = = = = = = = = = = =
Starting up . . . . - 10/07/19 18:05:39
[__main__]:DEBUG: CPU: 44.0C (111.20F). - 10/07/19 18:05:41
[__main__]:DEBUG: CPU: 44.0C (111.20F). - 10/07/19 18:05:43
[__main__]:DEBUG: CPU: 44.0C (111.20F). - 10/07/19 18:05:45
[__main__]:DEBUG: CPU: 44.0C (111.20F). - 10/07/19 18:05:46
[__main__]:DEBUG: CPU: 42.9C (109.22F). - 10/07/19 18:05:48
[__main__]:DEBUG: CPU: 42.9C (109.22F). - 10/07/19 18:05:50
[__main__]:DEBUG: CPU: 43.5C (110.30F). - 10/07/19 18:05:52
[__main__]:DEBUG: CPU: 43.5C (110.30F). - 10/07/19 18:05:53
[__main__]:DEBUG: CPU: 43.5C (110.30F). - 10/07/19 18:05:55
[__main__]:DEBUG: CPU: 42.9C (109.22F). - 10/07/19 18:05:57
[__main__]:INFO: Cleaning up . . . 
 = = = = = = = = = = = = = = = = = = = = = = = = = = = = = = = =. - 10/07/19 18:05:58
[__main__]:INFO: That's all folks.  Goodbye. - 10/07/19 18:05:58
Tue, 08 Oct 2019 15:51:45 - 
 = = = = = = = = = = = = = = = = = = = = = = = = = = = = = = = =
Starting up . . .  in __main__.
Tue, 08 Oct 2019 15:51:54 - Cleaning up . . . 
 = = = = = = = = = = = = = = = = = = = = = = = = = = = = = = = = in __main__.
Tue, 08 Oct 2019 15:51:54 - Shutting down gracefully in __main__.
Tue, 08 Oct 2019 15:51:54 - Displayed .info and .debug in SignalHandler in __main__.
Tue, 08 Oct 2019 15:51:54 - Shutdown initiated in __main__.
Tue, 08 Oct 2019 15:51:54 - That's all folks.  Goodbye in __main__.
Tue, 08 Oct 2019 16:03:37 - 
 = = = = = = = = = = = = = = = = = = = = = = = = = = = = = = = =
Starting up . . .  in __main__.
Tue, 08 Oct 2019 16:03:56 - Cleaning up . . . 
 = = = = = = = = = = = = = = = = = = = = = = = = = = = = = = = = in __main__.
Tue, 08 Oct 2019 16:03:56 - Shutting down gracefully in __main__.
Tue, 08 Oct 2019 16:03:56 - Displayed .info and .debug in SignalHandler in __main__.
Tue, 08 Oct 2019 16:03:56 - Shutdown initiated in __main__.
Tue, 08 Oct 2019 16:03:56 - That's all folks.  Goodbye in __main__.
Tue, 08 Oct 2019 16:04:24 - 
 = = = = = = = = = = = = = = = = = = = = = = = = = = = = = = = =
Starting up . . .  in __main__.
Tue, 08 Oct 2019 16:04:25 - That's all folks.  Goodbye in __main__.
Fri, 11 Oct 2019 17:55:12 - 
 = = = = = = = = = = = = = = = = = = = = = = = = = = = = = = = =
Starting up . . .  in __main__.
Fri, 11 Oct 2019 17:55:12 - That's all folks.  Goodbye in __main__.
Fri, 11 Oct 2019 17:56:10 - 
 = = = = = = = = = = = = = = = = = = = = = = = = = = = = = = = =
Starting up . . .  in __main__.
Fri, 11 Oct 2019 17:56:10 - That's all folks.  Goodbye in __main__.
Fri, 11 Oct 2019 17:58:53 - 
 = = = = = = = = = = = = = = = = = = = = = = = = = = = = = = = =
Starting up . . .  in __main__.
Fri, 11 Oct 2019 17:58:53 - That's all folks.  Goodbye in __main__.
[root]:INFO: Debugging output enabled. - 10/11/19 17:59:31
[__main__]:DEBUG: Top of try. - 10/11/19 17:59:31
[__main__]:INFO: 
 = = = = = = = = = = = = = = = = = = = = = = = = = = = = = = = =
Starting up . . . . - 10/11/19 17:59:31
[__main__]:INFO: That's all folks.  Goodbye. - 10/11/19 17:59:31
[root]:INFO: Debugging output enabled. - 10/11/19 18:03:38
[__main__]:DEBUG: Top of try. - 10/11/19 18:03:38
[__main__]:INFO: 
 = = = = = = = = = = = = = = = = = = = = = = = = = = = = = = = =
Starting up . . . . - 10/11/19 18:03:38
[__main__]:DEBUG: Started the main function. - 10/11/19 18:03:38
[__main__]:INFO: That's all folks.  Goodbye. - 10/11/19 18:03:38
[root]:INFO: Debugging output enabled. - 10/11/19 18:07:45
[__main__]:DEBUG: Top of try. - 10/11/19 18:07:45
[__main__]:INFO: 
 = = = = = = = = = = = = = = = = = = = = = = = = = = = = = = = =
Starting up . . . . - 10/11/19 18:07:45
[__main__]:DEBUG: Started the main function. - 10/11/19 18:07:45
[__main__]:INFO: That's all folks.  Goodbye. - 10/11/19 18:07:45
[root]:INFO: Debugging output enabled. - 10/11/19 18:08:22
[__main__]:DEBUG: Top of try. - 10/11/19 18:08:22
[__main__]:INFO: 
 = = = = = = = = = = = = = = = = = = = = = = = = = = = = = = = =
Starting up . . . . - 10/11/19 18:08:22
[__main__]:DEBUG: Started the main function. - 10/11/19 18:08:22
[__main__]:INFO: That's all folks.  Goodbye. - 10/11/19 18:08:22
[root]:INFO: Debugging output enabled. - 10/11/19 18:12:24
[__main__]:DEBUG: Top of try. - 10/11/19 18:12:24
[__main__]:INFO: 
 = = = = = = = = = = = = = = = = = = = = = = = = = = = = = = = =
Starting up . . . . - 10/11/19 18:12:24
[__main__]:DEBUG: Started the main function. - 10/11/19 18:12:24
[__main__]:DEBUG: CPU: 47.8C (118.04F). - 10/11/19 18:12:27
[__main__]:DEBUG: CPU: 48.3C (118.94F). - 10/11/19 18:12:27
[__main__]:DEBUG: Started the main function. - 10/11/19 18:12:27
[__main__]:DEBUG: CPU: 47.8C (118.04F). - 10/11/19 18:12:29
[__main__]:DEBUG: CPU: 48.3C (118.94F). - 10/11/19 18:12:29
[__main__]:DEBUG: Started the main function. - 10/11/19 18:12:29
[__main__]:DEBUG: CPU: 47.8C (118.04F). - 10/11/19 18:12:32
[__main__]:DEBUG: CPU: 47.8C (118.04F). - 10/11/19 18:12:32
[__main__]:DEBUG: Started the main function. - 10/11/19 18:12:32
[__main__]:INFO: Cleaning up . . . 
 = = = = = = = = = = = = = = = = = = = = = = = = = = = = = = = =. - 10/11/19 18:12:33
[__main__]:INFO: Shutting down gracefully. - 10/11/19 18:12:33
[__main__]:DEBUG: This is SignalHandler. - 10/11/19 18:12:33
[__main__]:INFO: Displayed .info and .debug in SignalHandler. - 10/11/19 18:12:33
[__main__]:INFO: Shutdown initiated. - 10/11/19 18:12:33
[__main__]:DEBUG: Wrote to log in SignalHandler. - 10/11/19 18:12:33
[__main__]:INFO: That's all folks.  Goodbye. - 10/11/19 18:12:33
