Wed, 16 Oct 2019 15:52:57 -  = = = = = = = = = = = = = = = = = = = = = = = = = = = = = = = =.
Wed, 16 Oct 2019 15:52:57 - Starting poolSQL . . . .
Wed, 16 Oct 2019 15:53:10 - That's all folks.  Goodbye.
Wed, 16 Oct 2019 19:59:29 -  = = = = = = = = = = = = = = = = = = = = = = = = = = = = = = = =.
Wed, 16 Oct 2019 19:59:29 - Starting poolSQL . . . .
Fri, 18 Oct 2019 15:33:17 -  = = = = = = = = = = = = = = = = = = = = = = = = = = = = = = = =.
Fri, 18 Oct 2019 15:33:17 - Starting poolSQL . . . .
Tue, 22 Oct 2019 07:18:17 -  = = = = = = = = = = = = = = = = = = = = = = = = = = = = = = = =.
Tue, 22 Oct 2019 07:18:17 - Starting poolSQL . . . .
Tue, 22 Oct 2019 07:27:14 -  = = = = = = = = = = = = = = = = = = = = = = = = = = = = = = = =.
Tue, 22 Oct 2019 07:27:14 - Starting poolSQL . . . .
Tue, 22 Oct 2019 07:47:30 -  = = = = = = = = = = = = = = = = = = = = = = = = = = = = = = = =.
Tue, 22 Oct 2019 07:47:30 - Starting poolSQL . . . .
Tue, 22 Oct 2019 07:59:14 -  = = = = = = = = = = = = = = = = = = = = = = = = = = = = = = = =.
Tue, 22 Oct 2019 07:59:14 - Starting poolSQL . . . .
Tue, 22 Oct 2019 13:14:46 -  = = = = = = = = = = = = = = = = = = = = = = = = = = = = = = = =.
Tue, 22 Oct 2019 13:14:46 - Starting poolSQL . . . .
Thu, 24 Oct 2019 06:09:47 -  = = = = = = = = = = = = = = = = = = = = = = = = = = = = = = = =.
Thu, 24 Oct 2019 06:09:47 - Starting poolSQL . . . .
Fri, 25 Oct 2019 19:46:21 -  = = = = = = = = = = = = = = = = = = = = = = = = = = = = = = = =.
Fri, 25 Oct 2019 19:46:21 - Starting poolSQL . . . .
Sat, 26 Oct 2019 10:04:44 -  = = = = = = = = = = = = = = = = = = = = = = = = = = = = = = = =.
Sat, 26 Oct 2019 10:04:44 - Starting poolSQL . . . .
Sun, 27 Oct 2019 07:57:33 - That's all folks.  Goodbye.
Sun, 27 Oct 2019 08:39:13 -  = = = = = = = = = = = = = = = = = = = = = = = = = = = = = = = =.
Sun, 27 Oct 2019 08:39:13 - Starting poolSQL . . . .
Tue, 29 Oct 2019 19:11:01 -  = = = = = = = = = = = = = = = = = = = = = = = = = = = = = = = =.
Tue, 29 Oct 2019 19:11:01 - Starting poolSQL . . . .
Wed, 30 Oct 2019 19:33:56 -  = = = = = = = = = = = = = = = = = = = = = = = = = = = = = = = =.
Wed, 30 Oct 2019 19:33:56 - Starting poolSQL . . . .
